C:\USERS\MICHAEL\DOCUMENTS\VISUAL STUDIO 2010\PROJECTS\VOTINGSIMULATOR\DEBUG\VOTINGSIMULATOR.EXE
C:\USERS\MICHAEL\DOCUMENTS\VISUAL STUDIO 2010\PROJECTS\VOTINGSIMULATOR\DEBUG\VOTINGSIMULATOR.ILK
C:\USERS\MICHAEL\DOCUMENTS\VISUAL STUDIO 2010\PROJECTS\VOTINGSIMULATOR\DEBUG\VOTINGSIMULATOR.PDB
C:\USERS\MICHAEL\DOCUMENTS\VISUAL STUDIO 2010\PROJECTS\VOTINGSIMULATOR\VOTINGSIMULATOR\DEBUG\APPROVALVOTINGSYSTEM.OBJ
C:\Users\Michael\Documents\Visual Studio 2010\Projects\VotingSimulator\VotingSimulator\Debug\cl.command.1.tlog
C:\Users\Michael\Documents\Visual Studio 2010\Projects\VotingSimulator\VotingSimulator\Debug\CL.read.1.tlog
C:\Users\Michael\Documents\Visual Studio 2010\Projects\VotingSimulator\VotingSimulator\Debug\CL.write.1.tlog
C:\USERS\MICHAEL\DOCUMENTS\VISUAL STUDIO 2010\PROJECTS\VOTINGSIMULATOR\VOTINGSIMULATOR\DEBUG\CONDORCETVOTINGSYSTEM.OBJ
C:\USERS\MICHAEL\DOCUMENTS\VISUAL STUDIO 2010\PROJECTS\VOTINGSIMULATOR\VOTINGSIMULATOR\DEBUG\CSVREADER.OBJ
C:\USERS\MICHAEL\DOCUMENTS\VISUAL STUDIO 2010\PROJECTS\VOTINGSIMULATOR\VOTINGSIMULATOR\DEBUG\DEFAULTVOTEPREDICTOR.OBJ
C:\USERS\MICHAEL\DOCUMENTS\VISUAL STUDIO 2010\PROJECTS\VOTINGSIMULATOR\VOTINGSIMULATOR\DEBUG\FPPVOTINGSYSTEM.OBJ
C:\Users\Michael\Documents\Visual Studio 2010\Projects\VotingSimulator\VotingSimulator\Debug\link.3640.read.1.tlog
C:\Users\Michael\Documents\Visual Studio 2010\Projects\VotingSimulator\VotingSimulator\Debug\link.3640.write.1.tlog
C:\Users\Michael\Documents\Visual Studio 2010\Projects\VotingSimulator\VotingSimulator\Debug\link.3640-cvtres.read.1.tlog
C:\Users\Michael\Documents\Visual Studio 2010\Projects\VotingSimulator\VotingSimulator\Debug\link.3640-cvtres.write.1.tlog
C:\Users\Michael\Documents\Visual Studio 2010\Projects\VotingSimulator\VotingSimulator\Debug\link.command.1.tlog
C:\Users\Michael\Documents\Visual Studio 2010\Projects\VotingSimulator\VotingSimulator\Debug\link.read.1.tlog
C:\Users\Michael\Documents\Visual Studio 2010\Projects\VotingSimulator\VotingSimulator\Debug\link.write.1.tlog
C:\Users\Michael\Documents\Visual Studio 2010\Projects\VotingSimulator\VotingSimulator\Debug\link-cvtres.read.1.tlog
C:\Users\Michael\Documents\Visual Studio 2010\Projects\VotingSimulator\VotingSimulator\Debug\link-cvtres.write.1.tlog
C:\USERS\MICHAEL\DOCUMENTS\VISUAL STUDIO 2010\PROJECTS\VOTINGSIMULATOR\VOTINGSIMULATOR\DEBUG\MMPVOTINGSYSTEM.OBJ
C:\Users\Michael\Documents\Visual Studio 2010\Projects\VotingSimulator\VotingSimulator\Debug\mt.command.1.tlog
C:\Users\Michael\Documents\Visual Studio 2010\Projects\VotingSimulator\VotingSimulator\Debug\mt.read.1.tlog
C:\Users\Michael\Documents\Visual Studio 2010\Projects\VotingSimulator\VotingSimulator\Debug\mt.write.1.tlog
C:\USERS\MICHAEL\DOCUMENTS\VISUAL STUDIO 2010\PROJECTS\VOTINGSIMULATOR\VOTINGSIMULATOR\DEBUG\PARTY.OBJ
C:\USERS\MICHAEL\DOCUMENTS\VISUAL STUDIO 2010\PROJECTS\VOTINGSIMULATOR\VOTINGSIMULATOR\DEBUG\PREFERENCEORDER.OBJ
C:\USERS\MICHAEL\DOCUMENTS\VISUAL STUDIO 2010\PROJECTS\VOTINGSIMULATOR\VOTINGSIMULATOR\DEBUG\PREFERENCEPREDICTOR.OBJ
C:\USERS\MICHAEL\DOCUMENTS\VISUAL STUDIO 2010\PROJECTS\VOTINGSIMULATOR\VOTINGSIMULATOR\DEBUG\PVVOTINGSYSTEM.OBJ
C:\Users\Michael\Documents\Visual Studio 2010\Projects\VotingSimulator\VotingSimulator\Debug\rc.command.1.tlog
C:\Users\Michael\Documents\Visual Studio 2010\Projects\VotingSimulator\VotingSimulator\Debug\rc.read.1.tlog
C:\Users\Michael\Documents\Visual Studio 2010\Projects\VotingSimulator\VotingSimulator\Debug\rc.write.1.tlog
C:\USERS\MICHAEL\DOCUMENTS\VISUAL STUDIO 2010\PROJECTS\VOTINGSIMULATOR\VOTINGSIMULATOR\DEBUG\SIMULATOR.OBJ
C:\USERS\MICHAEL\DOCUMENTS\VISUAL STUDIO 2010\PROJECTS\VOTINGSIMULATOR\VOTINGSIMULATOR\DEBUG\STDAFX.OBJ
C:\USERS\MICHAEL\DOCUMENTS\VISUAL STUDIO 2010\PROJECTS\VOTINGSIMULATOR\VOTINGSIMULATOR\DEBUG\STVVOTINGSYSTEM.OBJ
C:\Users\Michael\Documents\Visual Studio 2010\Projects\VotingSimulator\VotingSimulator\Debug\vc100.idb
C:\USERS\MICHAEL\DOCUMENTS\VISUAL STUDIO 2010\PROJECTS\VOTINGSIMULATOR\VOTINGSIMULATOR\DEBUG\VC100.PDB
C:\USERS\MICHAEL\DOCUMENTS\VISUAL STUDIO 2010\PROJECTS\VOTINGSIMULATOR\VOTINGSIMULATOR\DEBUG\VOTEPREDICTOR.OBJ
C:\USERS\MICHAEL\DOCUMENTS\VISUAL STUDIO 2010\PROJECTS\VOTINGSIMULATOR\VOTINGSIMULATOR\DEBUG\VOTINGSIMULATOR.EXE.EMBED.MANIFEST
C:\USERS\MICHAEL\DOCUMENTS\VISUAL STUDIO 2010\PROJECTS\VOTINGSIMULATOR\VOTINGSIMULATOR\DEBUG\VOTINGSIMULATOR.EXE.EMBED.MANIFEST.RES
C:\USERS\MICHAEL\DOCUMENTS\VISUAL STUDIO 2010\PROJECTS\VOTINGSIMULATOR\VOTINGSIMULATOR\DEBUG\VOTINGSIMULATOR.EXE.INTERMEDIATE.MANIFEST
C:\USERS\MICHAEL\DOCUMENTS\VISUAL STUDIO 2010\PROJECTS\VOTINGSIMULATOR\VOTINGSIMULATOR\DEBUG\VOTINGSIMULATOR.OBJ
C:\USERS\MICHAEL\DOCUMENTS\VISUAL STUDIO 2010\PROJECTS\VOTINGSIMULATOR\VOTINGSIMULATOR\DEBUG\VOTINGSIMULATOR.PCH
C:\Users\Michael\Documents\Visual Studio 2010\Projects\VotingSimulator\VotingSimulator\Debug\VotingSimulator_manifest.rc
C:\USERS\MICHAEL\DOCUMENTS\VISUAL STUDIO 2010\PROJECTS\VOTINGSIMULATOR\VOTINGSIMULATOR\DEBUG\VOTINGSYSTEM.OBJ
