Build started 10/08/2012 6:20:23 a.m..
     1>Project "C:\Users\Michael\Documents\Visual Studio 2010\Projects\VotingSimulator\VotingSimulator\VotingSimulator.vcxproj" on node 2 (build target(s)).
     1>InitializeBuildStatus:
         Creating "Debug\VotingSimulator.unsuccessfulbuild" because "AlwaysCreate" was specified.
       ClCompile:
         All outputs are up-to-date.
         c:\Program Files (x86)\Microsoft Visual Studio 10.0\VC\bin\CL.exe /c /ZI /nologo /W3 /WX- /Od /Oy- /D WIN32 /D _DEBUG /D _CONSOLE /D _UNICODE /D UNICODE /Gm /EHsc /RTC1 /MDd /GS /fp:precise /Zc:wchar_t /Zc:forScope /Yu"StdAfx.h" /Fp"Debug\VotingSimulator.pch" /Fo"Debug\\" /Fd"Debug\vc100.pdb" /Gd /TP /analyze- /errorReport:prompt VotingSimulator.cpp
         VotingSimulator.cpp
     1>c:\users\michael\documents\visual studio 2010\projects\votingsimulator\votingsimulator\votingsimulator.cpp(235): warning C4018: '<' : signed/unsigned mismatch
     1>c:\users\michael\documents\visual studio 2010\projects\votingsimulator\votingsimulator\votingsimulator.cpp(350): warning C4018: '<' : signed/unsigned mismatch
     1>c:\users\michael\documents\visual studio 2010\projects\votingsimulator\votingsimulator\votingsimulator.cpp(362): warning C4018: '>' : signed/unsigned mismatch
     1>c:\users\michael\documents\visual studio 2010\projects\votingsimulator\votingsimulator\votingsimulator.cpp(367): warning C4018: '<' : signed/unsigned mismatch
     1>c:\users\michael\documents\visual studio 2010\projects\votingsimulator\votingsimulator\votingsimulator.cpp(369): warning C4018: '<' : signed/unsigned mismatch
     1>c:\users\michael\documents\visual studio 2010\projects\votingsimulator\votingsimulator\votingsimulator.cpp(371): warning C4018: '<' : signed/unsigned mismatch
     1>c:\users\michael\documents\visual studio 2010\projects\votingsimulator\votingsimulator\votingsimulator.cpp(373): warning C4018: '<' : signed/unsigned mismatch
     1>c:\users\michael\documents\visual studio 2010\projects\votingsimulator\votingsimulator\votingsimulator.cpp(402): warning C4018: '<' : signed/unsigned mismatch
     1>c:\users\michael\documents\visual studio 2010\projects\votingsimulator\votingsimulator\votingsimulator.cpp(410): warning C4018: '<' : signed/unsigned mismatch
     1>c:\users\michael\documents\visual studio 2010\projects\votingsimulator\votingsimulator\votingsimulator.cpp(418): warning C4018: '<' : signed/unsigned mismatch
     1>c:\users\michael\documents\visual studio 2010\projects\votingsimulator\votingsimulator\votingsimulator.cpp(425): warning C4018: '<' : signed/unsigned mismatch
     1>c:\users\michael\documents\visual studio 2010\projects\votingsimulator\votingsimulator\votingsimulator.cpp(463): warning C4018: '<' : signed/unsigned mismatch
     1>c:\users\michael\documents\visual studio 2010\projects\votingsimulator\votingsimulator\votingsimulator.cpp(541): warning C4482: nonstandard extension used: enum 'FPPOptions' used in qualified name
     1>c:\users\michael\documents\visual studio 2010\projects\votingsimulator\votingsimulator\votingsimulator.cpp(546): warning C4482: nonstandard extension used: enum 'ApprovalOptions' used in qualified name
     1>c:\users\michael\documents\visual studio 2010\projects\votingsimulator\votingsimulator\votingsimulator.cpp(551): warning C4482: nonstandard extension used: enum 'ApprovalOptions' used in qualified name
     1>c:\users\michael\documents\visual studio 2010\projects\votingsimulator\votingsimulator\votingsimulator.cpp(556): warning C4482: nonstandard extension used: enum 'FPPOptions' used in qualified name
     1>c:\users\michael\documents\visual studio 2010\projects\votingsimulator\votingsimulator\votingsimulator.cpp(561): warning C4482: nonstandard extension used: enum 'PVOptions' used in qualified name
     1>c:\users\michael\documents\visual studio 2010\projects\votingsimulator\votingsimulator\votingsimulator.cpp(566): warning C4482: nonstandard extension used: enum 'PVOptions' used in qualified name
     1>c:\users\michael\documents\visual studio 2010\projects\votingsimulator\votingsimulator\votingsimulator.cpp(571): warning C4482: nonstandard extension used: enum 'STVTransferMethod' used in qualified name
     1>c:\users\michael\documents\visual studio 2010\projects\votingsimulator\votingsimulator\votingsimulator.cpp(576): warning C4482: nonstandard extension used: enum 'STVTransferMethod' used in qualified name
     1>c:\users\michael\documents\visual studio 2010\projects\votingsimulator\votingsimulator\votingsimulator.cpp(581): warning C4482: nonstandard extension used: enum 'STVTransferMethod' used in qualified name
     1>c:\users\michael\documents\visual studio 2010\projects\votingsimulator\votingsimulator\votingsimulator.cpp(586): warning C4482: nonstandard extension used: enum 'STVTransferMethod' used in qualified name
     1>c:\users\michael\documents\visual studio 2010\projects\votingsimulator\votingsimulator\votingsimulator.cpp(591): warning C4482: nonstandard extension used: enum 'STVTransferMethod' used in qualified name
     1>c:\users\michael\documents\visual studio 2010\projects\votingsimulator\votingsimulator\votingsimulator.cpp(596): warning C4482: nonstandard extension used: enum 'MMPOptions' used in qualified name
     1>c:\users\michael\documents\visual studio 2010\projects\votingsimulator\votingsimulator\votingsimulator.cpp(601): warning C4482: nonstandard extension used: enum 'MMPOptions' used in qualified name
     1>c:\users\michael\documents\visual studio 2010\projects\votingsimulator\votingsimulator\votingsimulator.cpp(606): warning C4482: nonstandard extension used: enum 'MMPOptions' used in qualified name
     1>c:\users\michael\documents\visual studio 2010\projects\votingsimulator\votingsimulator\votingsimulator.cpp(611): warning C4482: nonstandard extension used: enum 'MMPOptions' used in qualified name
     1>c:\users\michael\documents\visual studio 2010\projects\votingsimulator\votingsimulator\votingsimulator.cpp(616): warning C4482: nonstandard extension used: enum 'MMPOptions' used in qualified name
     1>c:\users\michael\documents\visual studio 2010\projects\votingsimulator\votingsimulator\votingsimulator.cpp(621): warning C4482: nonstandard extension used: enum 'CondorcetOptions' used in qualified name
     1>c:\users\michael\documents\visual studio 2010\projects\votingsimulator\votingsimulator\votingsimulator.cpp(626): warning C4482: nonstandard extension used: enum 'CondorcetOptions' used in qualified name
       ManifestResourceCompile:
         All outputs are up-to-date.
       Link:
         c:\Program Files (x86)\Microsoft Visual Studio 10.0\VC\bin\link.exe /ERRORREPORT:PROMPT /OUT:"C:\Users\Michael\Documents\Visual Studio 2010\Projects\VotingSimulator\Debug\VotingSimulator.exe" /INCREMENTAL /NOLOGO kernel32.lib user32.lib gdi32.lib winspool.lib comdlg32.lib advapi32.lib shell32.lib ole32.lib oleaut32.lib uuid.lib odbc32.lib odbccp32.lib /MANIFEST /ManifestFile:"Debug\VotingSimulator.exe.intermediate.manifest" /MANIFESTUAC:"level='asInvoker' uiAccess='false'" /DEBUG /PDB:"C:\Users\Michael\Documents\Visual Studio 2010\Projects\VotingSimulator\Debug\VotingSimulator.pdb" /SUBSYSTEM:CONSOLE /TLBID:1 /DYNAMICBASE /NXCOMPAT /IMPLIB:"C:\Users\Michael\Documents\Visual Studio 2010\Projects\VotingSimulator\Debug\VotingSimulator.lib" /MACHINE:X86 Debug\VotingSimulator.exe.embed.manifest.res
         Debug\ApprovalVotingSystem.obj
         Debug\CondorcetVotingSystem.obj
         Debug\CSVReader.obj
         Debug\DefaultVotePredictor.obj
         Debug\FPPVotingSystem.obj
         Debug\MMPVotingSystem.obj
         Debug\Party.obj
         Debug\PreferenceOrder.obj
         Debug\PreferencePredictor.obj
         Debug\PVVotingSystem.obj
         Debug\Simulator.obj
         Debug\stdafx.obj
         Debug\STVVotingSystem.obj
         Debug\VotePredictor.obj
         Debug\VotingSimulator.obj
         Debug\VotingSystem.obj
       Manifest:
         C:\Program Files (x86)\Microsoft SDKs\Windows\v7.0A\bin\mt.exe /nologo /verbose /out:"Debug\VotingSimulator.exe.embed.manifest" /manifest Debug\VotingSimulator.exe.intermediate.manifest
         All outputs are up-to-date.
       LinkEmbedManifest:
         All outputs are up-to-date.
         VotingSimulator.vcxproj -> C:\Users\Michael\Documents\Visual Studio 2010\Projects\VotingSimulator\Debug\VotingSimulator.exe
       FinalizeBuildStatus:
         Deleting file "Debug\VotingSimulator.unsuccessfulbuild".
         Touching "Debug\VotingSimulator.lastbuildstate".
     1>Done Building Project "C:\Users\Michael\Documents\Visual Studio 2010\Projects\VotingSimulator\VotingSimulator\VotingSimulator.vcxproj" (build target(s)).

Build succeeded.

Time Elapsed 00:00:07.32
