This is pdfTeX, Version 3.1415926-2.3-1.40.12 (MiKTeX 2.9 64-bit) (preloaded format=pdflatex 2012.10.5)  22 OCT 2012 22:51
entering extended mode
**CS380.tex
("C:\Users\Michael\Documents\Visual Studio 11\Projects\CS380\Report\CS380.tex"
LaTeX2e <2011/06/27>
Babel <v3.8m> and hyphenation patterns for english, afrikaans, ancientgreek, ar
abic, armenian, assamese, basque, bengali, bokmal, bulgarian, catalan, coptic, 
croatian, czech, danish, dutch, esperanto, estonian, farsi, finnish, french, ga
lician, german, german-x-2009-06-19, greek, gujarati, hindi, hungarian, iceland
ic, indonesian, interlingua, irish, italian, kannada, kurmanji, lao, latin, lat
vian, lithuanian, malayalam, marathi, mongolian, mongolianlmc, monogreek, ngerm
an, ngerman-x-2009-06-19, nynorsk, oriya, panjabi, pinyin, polish, portuguese, 
romanian, russian, sanskrit, serbian, slovak, slovenian, spanish, swedish, swis
sgerman, tamil, telugu, turkish, turkmen, ukenglish, ukrainian, uppersorbian, u
senglishmax, welsh, loaded.
("C:\Program Files\MiKTeX 2.9\tex\latex\base\article.cls"
Document Class: article 2007/10/19 v1.4h Standard LaTeX document class
("C:\Program Files\MiKTeX 2.9\tex\latex\base\size10.clo"
File: size10.clo 2007/10/19 v1.4h Standard LaTeX file (size option)
)
\c@part=\count79
\c@section=\count80
\c@subsection=\count81
\c@subsubsection=\count82
\c@paragraph=\count83
\c@subparagraph=\count84
\c@figure=\count85
\c@table=\count86
\abovecaptionskip=\skip41
\belowcaptionskip=\skip42
\bibindent=\dimen102
)
("C:\Program Files\MiKTeX 2.9\tex\latex\geometry\geometry.sty"
Package: geometry 2010/09/12 v5.6 Page Geometry

("C:\Program Files\MiKTeX 2.9\tex\latex\graphics\keyval.sty"
Package: keyval 1999/03/16 v1.13 key=value parser (DPC)
\KV@toks@=\toks14
)
("C:\Program Files\MiKTeX 2.9\tex\generic\oberdiek\ifpdf.sty"
Package: ifpdf 2011/01/30 v2.3 Provides the ifpdf switch (HO)
Package ifpdf Info: pdfTeX in PDF mode is detected.
)
("C:\Program Files\MiKTeX 2.9\tex\generic\oberdiek\ifvtex.sty"
Package: ifvtex 2010/03/01 v1.5 Detect VTeX and its facilities (HO)
Package ifvtex Info: VTeX not detected.
)
("C:\Program Files\MiKTeX 2.9\tex\generic\ifxetex\ifxetex.sty"
Package: ifxetex 2010/09/12 v0.6 Provides ifxetex conditional
)
\Gm@cnth=\count87
\Gm@cntv=\count88
\c@Gm@tempcnt=\count89
\Gm@bindingoffset=\dimen103
\Gm@wd@mp=\dimen104
\Gm@odd@mp=\dimen105
\Gm@even@mp=\dimen106
\Gm@layoutwidth=\dimen107
\Gm@layoutheight=\dimen108
\Gm@layouthoffset=\dimen109
\Gm@layoutvoffset=\dimen110
\Gm@dimlist=\toks15

("C:\Program Files\MiKTeX 2.9\tex\latex\geometry\geometry.cfg"))
("C:\Program Files\MiKTeX 2.9\tex\latex\fancyhdr\fancyhdr.sty"
\fancy@headwidth=\skip43
\f@ncyO@elh=\skip44
\f@ncyO@erh=\skip45
\f@ncyO@olh=\skip46
\f@ncyO@orh=\skip47
\f@ncyO@elf=\skip48
\f@ncyO@erf=\skip49
\f@ncyO@olf=\skip50
\f@ncyO@orf=\skip51
)
("C:\Program Files\MiKTeX 2.9\tex\latex\ams\math\amsmath.sty"
Package: amsmath 2000/07/18 v2.13 AMS math features
\@mathmargin=\skip52

For additional information on amsmath, use the `?' option.
("C:\Program Files\MiKTeX 2.9\tex\latex\ams\math\amstext.sty"
Package: amstext 2000/06/29 v2.01

("C:\Program Files\MiKTeX 2.9\tex\latex\ams\math\amsgen.sty"
File: amsgen.sty 1999/11/30 v2.0
\@emptytoks=\toks16
\ex@=\dimen111
))
("C:\Program Files\MiKTeX 2.9\tex\latex\ams\math\amsbsy.sty"
Package: amsbsy 1999/11/29 v1.2d
\pmbraise@=\dimen112
)
("C:\Program Files\MiKTeX 2.9\tex\latex\ams\math\amsopn.sty"
Package: amsopn 1999/12/14 v2.01 operator names
)
\inf@bad=\count90
LaTeX Info: Redefining \frac on input line 211.
\uproot@=\count91
\leftroot@=\count92
LaTeX Info: Redefining \overline on input line 307.
\classnum@=\count93
\DOTSCASE@=\count94
LaTeX Info: Redefining \ldots on input line 379.
LaTeX Info: Redefining \dots on input line 382.
LaTeX Info: Redefining \cdots on input line 467.
\Mathstrutbox@=\box26
\strutbox@=\box27
\big@size=\dimen113
LaTeX Font Info:    Redeclaring font encoding OML on input line 567.
LaTeX Font Info:    Redeclaring font encoding OMS on input line 568.
\macc@depth=\count95
\c@MaxMatrixCols=\count96
\dotsspace@=\muskip10
\c@parentequation=\count97
\dspbrk@lvl=\count98
\tag@help=\toks17
\row@=\count99
\column@=\count100
\maxfields@=\count101
\andhelp@=\toks18
\eqnshift@=\dimen114
\alignsep@=\dimen115
\tagshift@=\dimen116
\tagwidth@=\dimen117
\totwidth@=\dimen118
\lineht@=\dimen119
\@envbody=\toks19
\multlinegap=\skip53
\multlinetaggap=\skip54
\mathdisplay@stack=\toks20
LaTeX Info: Redefining \[ on input line 2666.
LaTeX Info: Redefining \] on input line 2667.
)
("C:\Program Files\MiKTeX 2.9\tex\latex\ams\classes\amsthm.sty"
Package: amsthm 2004/08/06 v2.20
\thm@style=\toks21
\thm@bodyfont=\toks22
\thm@headfont=\toks23
\thm@notefont=\toks24
\thm@headpunct=\toks25
\thm@preskip=\skip55
\thm@postskip=\skip56
\thm@headsep=\skip57
\dth@everypar=\toks26
)
("C:\Program Files\MiKTeX 2.9\tex\latex\amsfonts\amssymb.sty"
Package: amssymb 2009/06/22 v3.00

("C:\Program Files\MiKTeX 2.9\tex\latex\amsfonts\amsfonts.sty"
Package: amsfonts 2009/06/22 v3.00 Basic AMSFonts support
\symAMSa=\mathgroup4
\symAMSb=\mathgroup5
LaTeX Font Info:    Overwriting math alphabet `\mathfrak' in version `bold'
(Font)                  U/euf/m/n --> U/euf/b/n on input line 96.
))
("C:\Program Files\MiKTeX 2.9\tex\latex\graphics\graphicx.sty"
Package: graphicx 1999/02/16 v1.0f Enhanced LaTeX Graphics (DPC,SPQR)

("C:\Program Files\MiKTeX 2.9\tex\latex\graphics\graphics.sty"
Package: graphics 2009/02/05 v1.0o Standard LaTeX Graphics (DPC,SPQR)

("C:\Program Files\MiKTeX 2.9\tex\latex\graphics\trig.sty"
Package: trig 1999/03/16 v1.09 sin cos tan (DPC)
)
("C:\Program Files\MiKTeX 2.9\tex\latex\00miktex\graphics.cfg"
File: graphics.cfg 2007/01/18 v1.5 graphics configuration of teTeX/TeXLive
)
Package graphics Info: Driver file: pdftex.def on input line 91.

("C:\Program Files\MiKTeX 2.9\tex\latex\pdftex-def\pdftex.def"
File: pdftex.def 2011/05/27 v0.06d Graphics/color for pdfTeX

("C:\Program Files\MiKTeX 2.9\tex\generic\oberdiek\infwarerr.sty"
Package: infwarerr 2010/04/08 v1.3 Providing info/warning/error messages (HO)
)
("C:\Program Files\MiKTeX 2.9\tex\generic\oberdiek\ltxcmds.sty"
Package: ltxcmds 2011/11/09 v1.22 LaTeX kernel commands for general use (HO)
)
\Gread@gobject=\count102
))
\Gin@req@height=\dimen120
\Gin@req@width=\dimen121
)
("C:\Program Files\MiKTeX 2.9\tex\latex\hyperref\hyperref.sty"
Package: hyperref 2012/05/13 v6.82q Hypertext links for LaTeX

("C:\Program Files\MiKTeX 2.9\tex\generic\oberdiek\hobsub-hyperref.sty"
Package: hobsub-hyperref 2012/04/25 v1.12 Bundle oberdiek, subset hyperref (HO)


("C:\Program Files\MiKTeX 2.9\tex\generic\oberdiek\hobsub-generic.sty"
Package: hobsub-generic 2012/04/25 v1.12 Bundle oberdiek, subset generic (HO)
Package: hobsub 2012/04/25 v1.12 Construct package bundles (HO)
Package hobsub Info: Skipping package `infwarerr' (already loaded).
Package hobsub Info: Skipping package `ltxcmds' (already loaded).
Package: ifluatex 2010/03/01 v1.3 Provides the ifluatex switch (HO)
Package ifluatex Info: LuaTeX not detected.
Package hobsub Info: Skipping package `ifvtex' (already loaded).
Package: intcalc 2007/09/27 v1.1 Expandable calculations with integers (HO)
Package hobsub Info: Skipping package `ifpdf' (already loaded).
Package: etexcmds 2011/02/16 v1.5 Avoid name clashes with e-TeX commands (HO)
Package etexcmds Info: Could not find \expanded.
(etexcmds)             That can mean that you are not using pdfTeX 1.50 or
(etexcmds)             that some package has redefined \expanded.
(etexcmds)             In the latter case, load this package earlier.
Package: kvsetkeys 2012/04/25 v1.16 Key value parser (HO)
Package: kvdefinekeys 2011/04/07 v1.3 Define keys (HO)
Package: pdftexcmds 2011/11/29 v0.20 Utility functions of pdfTeX for LuaTeX (HO
)
Package pdftexcmds Info: LuaTeX not detected.
Package pdftexcmds Info: \pdf@primitive is available.
Package pdftexcmds Info: \pdf@ifprimitive is available.
Package pdftexcmds Info: \pdfdraftmode found.
Package: pdfescape 2011/11/25 v1.13 Implements pdfTeX's escape features (HO)
Package: bigintcalc 2012/04/08 v1.3 Expandable calculations on big integers (HO
)
Package: bitset 2011/01/30 v1.1 Handle bit-vector datatype (HO)
Package: uniquecounter 2011/01/30 v1.2 Provide unlimited unique counter (HO)
)
Package hobsub Info: Skipping package `hobsub' (already loaded).
Package: letltxmacro 2010/09/02 v1.4 Let assignment for LaTeX macros (HO)
Package: hopatch 2011/06/24 v1.1 Wrapper for package hooks (HO)
Package: xcolor-patch 2011/01/30 xcolor patch
Package: atveryend 2011/06/30 v1.8 Hooks at the very end of document (HO)
Package atveryend Info: \enddocument detected (standard20110627).
Package: atbegshi 2011/10/05 v1.16 At begin shipout hook (HO)
Package: refcount 2011/10/16 v3.4 Data extraction from label references (HO)
Package: hycolor 2011/01/30 v1.7 Color options for hyperref/bookmark (HO)
)
("C:\Program Files\MiKTeX 2.9\tex\latex\oberdiek\kvoptions.sty"
Package: kvoptions 2011/06/30 v3.11 Key value format for package options (HO)
)
\@linkdim=\dimen122
\Hy@linkcounter=\count103
\Hy@pagecounter=\count104

("C:\Program Files\MiKTeX 2.9\tex\latex\hyperref\pd1enc.def"
File: pd1enc.def 2012/05/13 v6.82q Hyperref: PDFDocEncoding definition (HO)
)
\Hy@SavedSpaceFactor=\count105

("C:\Program Files\MiKTeX 2.9\tex\latex\00miktex\hyperref.cfg"
File: hyperref.cfg 2002/06/06 v1.2 hyperref configuration of TeXLive
)
Package hyperref Info: Hyper figures OFF on input line 4062.
Package hyperref Info: Link nesting OFF on input line 4067.
Package hyperref Info: Hyper index ON on input line 4070.
Package hyperref Info: Plain pages OFF on input line 4077.
Package hyperref Info: Backreferencing OFF on input line 4082.
Package hyperref Info: Implicit mode ON; LaTeX internals redefined.
Package hyperref Info: Bookmarks ON on input line 4300.
\c@Hy@tempcnt=\count106

("C:\Program Files\MiKTeX 2.9\tex\latex\ltxmisc\url.sty"
\Urlmuskip=\muskip11
Package: url 2006/04/12  ver 3.3  Verb mode for urls, etc.
)
LaTeX Info: Redefining \url on input line 4653.
\Fld@menulength=\count107
\Field@Width=\dimen123
\Fld@charsize=\dimen124
Package hyperref Info: Hyper figures OFF on input line 5773.
Package hyperref Info: Link nesting OFF on input line 5778.
Package hyperref Info: Hyper index ON on input line 5781.
Package hyperref Info: backreferencing OFF on input line 5788.
Package hyperref Info: Link coloring OFF on input line 5793.
Package hyperref Info: Link coloring with OCG OFF on input line 5798.
Package hyperref Info: PDF/A mode OFF on input line 5803.
LaTeX Info: Redefining \ref on input line 5843.
LaTeX Info: Redefining \pageref on input line 5847.
\Hy@abspage=\count108
\c@Item=\count109
\c@Hfootnote=\count110
)

Package hyperref Message: Driver (autodetected): hpdftex.

("C:\Program Files\MiKTeX 2.9\tex\latex\hyperref\hpdftex.def"
File: hpdftex.def 2012/05/13 v6.82q Hyperref driver for pdfTeX
\Fld@listcount=\count111
\c@bookmark@seq@number=\count112

("C:\Program Files\MiKTeX 2.9\tex\latex\oberdiek\rerunfilecheck.sty"
Package: rerunfilecheck 2011/04/15 v1.7 Rerun checks for auxiliary files (HO)
Package uniquecounter Info: New unique counter `rerunfilecheck' on input line 2
82.
)
\Hy@SectionHShift=\skip58
)
("C:\Program Files\MiKTeX 2.9\tex\latex\wrapfig\wrapfig.sty"
\wrapoverhang=\dimen125
\WF@size=\dimen126
\c@WF@wrappedlines=\count113
\WF@box=\box28
\WF@everypar=\toks27
Package: wrapfig 2003/01/31  v 3.6
)
("C:\Program Files\MiKTeX 2.9\tex\latex\listings\listings.sty"
\lst@mode=\count114
\lst@gtempboxa=\box29
\lst@token=\toks28
\lst@length=\count115
\lst@currlwidth=\dimen127
\lst@column=\count116
\lst@pos=\count117
\lst@lostspace=\dimen128
\lst@width=\dimen129
\lst@newlines=\count118
\lst@lineno=\count119
\lst@maxwidth=\dimen130

("C:\Program Files\MiKTeX 2.9\tex\latex\listings\lstmisc.sty"
File: lstmisc.sty 2007/02/22 1.4 (Carsten Heinz)
\c@lstnumber=\count120
\lst@skipnumbers=\count121
\lst@framebox=\box30
)
("C:\Program Files\MiKTeX 2.9\tex\latex\listings\listings.cfg"
File: listings.cfg 2007/02/22 1.4 listings configuration
))
Package: listings 2007/02/22 1.4 (Carsten Heinz)

("C:\Program Files\MiKTeX 2.9\tex\latex\graphics\color.sty"
Package: color 2005/11/14 v1.0j Standard LaTeX Color (DPC)

("C:\Program Files\MiKTeX 2.9\tex\latex\00miktex\color.cfg"
File: color.cfg 2007/01/18 v1.5 color configuration of teTeX/TeXLive
)
Package color Info: Driver file: pdftex.def on input line 130.
)
("C:\Program Files\MiKTeX 2.9\tex\latex\authordate\authordate1-4.sty"
\bibhang=\skip59
)
("C:\Users\Michael\Documents\Visual Studio 11\Projects\CS380\Report\CS380.aux")
LaTeX Font Info:    Checking defaults for OML/cmm/m/it on input line 18.
LaTeX Font Info:    ... okay on input line 18.
LaTeX Font Info:    Checking defaults for T1/cmr/m/n on input line 18.
LaTeX Font Info:    ... okay on input line 18.
LaTeX Font Info:    Checking defaults for OT1/cmr/m/n on input line 18.
LaTeX Font Info:    ... okay on input line 18.
LaTeX Font Info:    Checking defaults for OMS/cmsy/m/n on input line 18.
LaTeX Font Info:    ... okay on input line 18.
LaTeX Font Info:    Checking defaults for OMX/cmex/m/n on input line 18.
LaTeX Font Info:    ... okay on input line 18.
LaTeX Font Info:    Checking defaults for U/cmr/m/n on input line 18.
LaTeX Font Info:    ... okay on input line 18.
LaTeX Font Info:    Checking defaults for PD1/pdf/m/n on input line 18.
LaTeX Font Info:    ... okay on input line 18.
*geometry* driver: auto-detecting
*geometry* detected driver: pdftex
*geometry* verbose mode - [ preamble ] result:
* driver: pdftex
* paper: <default>
* layout: <same size as paper>
* layoutoffset:(h,v)=(0.0pt,0.0pt)
* modes: 
* h-part:(L,W,R)=(92.14519pt, 430.00462pt, 92.14519pt)
* v-part:(T,H,B)=(95.39737pt, 556.47656pt, 143.09605pt)
* \paperwidth=614.295pt
* \paperheight=794.96999pt
* \textwidth=430.00462pt
* \textheight=556.47656pt
* \oddsidemargin=19.8752pt
* \evensidemargin=19.8752pt
* \topmargin=-13.87262pt
* \headheight=12.0pt
* \headsep=25.0pt
* \topskip=10.0pt
* \footskip=30.0pt
* \marginparwidth=65.0pt
* \marginparsep=11.0pt
* \columnsep=10.0pt
* \skip\footins=9.0pt plus 4.0pt minus 2.0pt
* \hoffset=0.0pt
* \voffset=0.0pt
* \mag=1000
* \@twocolumnfalse
* \@twosidefalse
* \@mparswitchfalse
* \@reversemarginfalse
* (1in=72.27pt=25.4mm, 1cm=28.453pt)

("C:\Program Files\MiKTeX 2.9\tex\context\base\supp-pdf.mkii"
[Loading MPS to PDF converter (version 2006.09.02).]
\scratchcounter=\count122
\scratchdimen=\dimen131
\scratchbox=\box31
\nofMPsegments=\count123
\nofMParguments=\count124
\everyMPshowfont=\toks29
\MPscratchCnt=\count125
\MPscratchDim=\dimen132
\MPnumerator=\count126
\makeMPintoPDFobject=\count127
\everyMPtoPDFconversion=\toks30
)
\AtBeginShipoutBox=\box32
Package hyperref Info: Link coloring OFF on input line 18.
 ("C:\Program Files\MiKTeX 2.9\tex\latex\hyperref\nameref.sty"
Package: nameref 2010/04/30 v2.40 Cross-referencing by name of section

("C:\Program Files\MiKTeX 2.9\tex\generic\oberdiek\gettitlestring.sty"
Package: gettitlestring 2010/12/03 v1.4 Cleanup title references (HO)
)
\c@section@level=\count128
)
LaTeX Info: Redefining \ref on input line 18.
LaTeX Info: Redefining \pageref on input line 18.
LaTeX Info: Redefining \nameref on input line 18.

("C:\Users\Michael\Documents\Visual Studio 11\Projects\CS380\Report\CS380.out")
("C:\Users\Michael\Documents\Visual Studio 11\Projects\CS380\Report\CS380.out")
\@outlinefile=\write3
\c@lstlisting=\count129
LaTeX Font Info:    Try loading font information for U+msa on input line 20.
("C:\Program Files\MiKTeX 2.9\tex\latex\amsfonts\umsa.fd"
File: umsa.fd 2009/06/22 v3.00 AMS symbols A
)
LaTeX Font Info:    Try loading font information for U+msb on input line 20.

("C:\Program Files\MiKTeX 2.9\tex\latex\amsfonts\umsb.fd"
File: umsb.fd 2009/06/22 v3.00 AMS symbols B
)

LaTeX Warning: No \author given.


Overfull \hbox (154.05049pt too wide) in paragraph at lines 35--36
[]  
 []

[1

{C:/ProgramData/MiKTeX/2.9/pdftex/config/pdftex.map}]
("C:\Users\Michael\Documents\Visual Studio 11\Projects\CS380\Report\CS380.toc"
[2])
\tf@toc=\write4
 [3] [4] [5]
LaTeX Font Info:    Try loading font information for OMS+cmr on input line 82.
 ("C:\Program Files\MiKTeX 2.9\tex\latex\base\omscmr.fd"
File: omscmr.fd 1999/05/25 v2.5h Standard LaTeX font definitions
)
LaTeX Font Info:    Font shape `OMS/cmr/m/n' in size <10> not available
(Font)              Font shape `OMS/cmsy/m/n' tried instead on input line 82.
LaTeX Font Info:    Font shape `OMS/cmr/m/n' in size <8> not available
(Font)              Font shape `OMS/cmsy/m/n' tried instead on input line 84.

[6] [7] [8] [9] [10] [11]

LaTeX Warning: No positions in optional float specifier.
               Default added (so using `tbp') on input line 294.

<images/spatialvar1_pcavar1.png, id=377, 481.8pt x 481.8pt>
File: images/spatialvar1_pcavar1.png Graphic file (type png)

<use images/spatialvar1_pcavar1.png>
Package pdftex.def Info: images/spatialvar1_pcavar1.png used on input line 295.

(pdftex.def)             Requested size: 361.3491pt x 361.3491pt.
 [12] [13 <C:/Users/Michael/Documents/Visual Studio 11/Projects/CS380/Report/im
ages/spatialvar1_pcavar1.png>] [14]
("C:\Program Files\MiKTeX 2.9\tex\latex\listings\lstlang1.sty"
File: lstlang1.sty 2004/09/05 1.3 listings language file
)
("C:\Program Files\MiKTeX 2.9\tex\latex\listings\lstlang1.sty"
File: lstlang1.sty 2004/09/05 1.3 listings language file
)
("C:\Program Files\MiKTeX 2.9\tex\latex\listings\lstmisc.sty"
File: lstmisc.sty 2007/02/22 1.4 (Carsten Heinz)
)
LaTeX Font Info:    Try loading font information for OML+cmr on input line 386.


("C:\Program Files\MiKTeX 2.9\tex\latex\base\omlcmr.fd"
File: omlcmr.fd 1999/05/25 v2.5h Standard LaTeX font definitions
)
LaTeX Font Info:    Font shape `OML/cmr/m/n' in size <10> not available
(Font)              Font shape `OML/cmm/m/it' tried instead on input line 386.
 [15] [16]

LaTeX Warning: No positions in optional float specifier.
               Default added (so using `tbp') on input line 429.

<images/pd_spatial2_gallagher_enp.pdf, id=448, 505.89pt x 505.89pt>
File: images/pd_spatial2_gallagher_enp.pdf Graphic file (type pdf)

<use images/pd_spatial2_gallagher_enp.pdf>
Package pdftex.def Info: images/pd_spatial2_gallagher_enp.pdf used on input lin
e 430.
(pdftex.def)             Requested size: 505.88875pt x 505.88875pt.

Overfull \hbox (75.88412pt too wide) in paragraph at lines 430--431
[][] 
 []


LaTeX Warning: No positions in optional float specifier.
               Default added (so using `tbp') on input line 435.

<images/sm_spatial2_gallagher_enp.pdf, id=449, 505.89pt x 505.89pt>
File: images/sm_spatial2_gallagher_enp.pdf Graphic file (type pdf)

<use images/sm_spatial2_gallagher_enp.pdf>
Package pdftex.def Info: images/sm_spatial2_gallagher_enp.pdf used on input lin
e 436.
(pdftex.def)             Requested size: 505.88875pt x 505.88875pt.

Overfull \hbox (75.88412pt too wide) in paragraph at lines 436--437
[][] 
 []


LaTeX Warning: No positions in optional float specifier.
               Default added (so using `tbp') on input line 441.

<images/spatial2large_gallagher_enp.pdf, id=450, 505.89pt x 505.89pt>
File: images/spatial2large_gallagher_enp.pdf Graphic file (type pdf)

<use images/spatial2large_gallagher_enp.pdf>
Package pdftex.def Info: images/spatial2large_gallagher_enp.pdf used on input l
ine 442.
(pdftex.def)             Requested size: 505.88875pt x 505.88875pt.

Overfull \hbox (75.88412pt too wide) in paragraph at lines 442--443
[][] 
 []


LaTeX Warning: No positions in optional float specifier.
               Default added (so using `tbp') on input line 447.

<images/stv_spatial2_gallagher_enp.pdf, id=451, 505.89pt x 505.89pt>
File: images/stv_spatial2_gallagher_enp.pdf Graphic file (type pdf)

<use images/stv_spatial2_gallagher_enp.pdf>
Package pdftex.def Info: images/stv_spatial2_gallagher_enp.pdf used on input li
ne 448.
(pdftex.def)             Requested size: 505.88875pt x 505.88875pt.

Overfull \hbox (75.88412pt too wide) in paragraph at lines 448--449
[][] 
 []


LaTeX Warning: No positions in optional float specifier.
               Default added (so using `tbp') on input line 453.

<images/stv_spatial2pure_gallagher_enp.pdf, id=452, 505.89pt x 505.89pt>
File: images/stv_spatial2pure_gallagher_enp.pdf Graphic file (type pdf)

<use images/stv_spatial2pure_gallagher_enp.pdf>
Package pdftex.def Info: images/stv_spatial2pure_gallagher_enp.pdf used on inpu
t line 454.
(pdftex.def)             Requested size: 505.88875pt x 505.88875pt.

Overfull \hbox (75.88412pt too wide) in paragraph at lines 454--455
[][] 
 []


LaTeX Warning: No positions in optional float specifier.
               Default added (so using `tbp') on input line 459.

<images/stv_spatial1_gallagher_enp.pdf, id=453, 505.89pt x 505.89pt>
File: images/stv_spatial1_gallagher_enp.pdf Graphic file (type pdf)

<use images/stv_spatial1_gallagher_enp.pdf>
Package pdftex.def Info: images/stv_spatial1_gallagher_enp.pdf used on input li
ne 460.
(pdftex.def)             Requested size: 505.88875pt x 505.88875pt.

Overfull \hbox (75.88412pt too wide) in paragraph at lines 460--461
[][] 
 []


LaTeX Warning: No positions in optional float specifier.
               Default added (so using `tbp') on input line 465.

<images/stv_spatial3_gallagher_enp.pdf, id=454, 505.89pt x 505.89pt>
File: images/stv_spatial3_gallagher_enp.pdf Graphic file (type pdf)

<use images/stv_spatial3_gallagher_enp.pdf>
Package pdftex.def Info: images/stv_spatial3_gallagher_enp.pdf used on input li
ne 466.
(pdftex.def)             Requested size: 505.88875pt x 505.88875pt.

Overfull \hbox (75.88412pt too wide) in paragraph at lines 466--467
[][] 
 []


LaTeX Warning: No positions in optional float specifier.
               Default added (so using `tbp') on input line 471.

<images/stv_spatial2_gallagher_enpsspi.pdf, id=455, 505.89pt x 505.89pt>
File: images/stv_spatial2_gallagher_enpsspi.pdf Graphic file (type pdf)

<use images/stv_spatial2_gallagher_enpsspi.pdf>
Package pdftex.def Info: images/stv_spatial2_gallagher_enpsspi.pdf used on inpu
t line 472.
(pdftex.def)             Requested size: 505.88875pt x 505.88875pt.

Overfull \hbox (75.88412pt too wide) in paragraph at lines 472--473
[][] 
 []


LaTeX Warning: No positions in optional float specifier.
               Default added (so using `tbp') on input line 477.

<images/stv_spatial2_gallagher_entropysspi.pdf, id=456, 505.89pt x 505.89pt>
File: images/stv_spatial2_gallagher_entropysspi.pdf Graphic file (type pdf)

<use images/stv_spatial2_gallagher_entropysspi.pdf>
Package pdftex.def Info: images/stv_spatial2_gallagher_entropysspi.pdf used on 
input line 478.
(pdftex.def)             Requested size: 505.88875pt x 505.88875pt.

Overfull \hbox (75.88412pt too wide) in paragraph at lines 478--479
[][] 
 []


LaTeX Warning: No positions in optional float specifier.
               Default added (so using `tbp') on input line 483.

<images/stv_spatial2_loosemorehanby_enp.pdf, id=457, 505.89pt x 505.89pt>
File: images/stv_spatial2_loosemorehanby_enp.pdf Graphic file (type pdf)

<use images/stv_spatial2_loosemorehanby_enp.pdf>
Package pdftex.def Info: images/stv_spatial2_loosemorehanby_enp.pdf used on inp
ut line 484.
(pdftex.def)             Requested size: 505.88875pt x 505.88875pt.

Overfull \hbox (75.88412pt too wide) in paragraph at lines 484--485
[][] 
 []


LaTeX Warning: No positions in optional float specifier.
               Default added (so using `tbp') on input line 489.

<images/stv_urn_gallagher_enp.pdf, id=458, 505.89pt x 505.89pt>
File: images/stv_urn_gallagher_enp.pdf Graphic file (type pdf)

<use images/stv_urn_gallagher_enp.pdf>
Package pdftex.def Info: images/stv_urn_gallagher_enp.pdf used on input line 49
0.
(pdftex.def)             Requested size: 505.88875pt x 505.88875pt.

Overfull \hbox (75.88412pt too wide) in paragraph at lines 490--491
[][] 
 []


LaTeX Warning: No positions in optional float specifier.
               Default added (so using `tbp') on input line 495.

<images/nzprefswap_gallagher_enp.pdf, id=459, 505.89pt x 505.89pt>
File: images/nzprefswap_gallagher_enp.pdf Graphic file (type pdf)

<use images/nzprefswap_gallagher_enp.pdf>
Package pdftex.def Info: images/nzprefswap_gallagher_enp.pdf used on input line
 496.
(pdftex.def)             Requested size: 505.88875pt x 505.88875pt.

Overfull \hbox (75.88412pt too wide) in paragraph at lines 496--497
[][] 
 []

[17] [18 <C:/Users/Michael/Documents/Visual Studio 11/Projects/CS380/Report/ima
ges/pd_spatial2_gallagher_enp.pdf>] [19 <C:/Users/Michael/Documents/Visual Stud
io 11/Projects/CS380/Report/images/sm_spatial2_gallagher_enp.pdf>] [20 <C:/User
s/Michael/Documents/Visual Studio 11/Projects/CS380/Report/images/spatial2large
_gallagher_enp.pdf>] [21 <C:/Users/Michael/Documents/Visual Studio 11/Projects/
CS380/Report/images/stv_spatial2_gallagher_enp.pdf>] [22 <C:/Users/Michael/Docu
ments/Visual Studio 11/Projects/CS380/Report/images/stv_spatial2pure_gallagher_
enp.pdf>] [23 <C:/Users/Michael/Documents/Visual Studio 11/Projects/CS380/Repor
t/images/stv_spatial1_gallagher_enp.pdf>] [24 <C:/Users/Michael/Documents/Visua
l Studio 11/Projects/CS380/Report/images/stv_spatial3_gallagher_enp.pdf>]
[25 <C:/Users/Michael/Documents/Visual Studio 11/Projects/CS380/Report/images/s
tv_spatial2_gallagher_enpsspi.pdf>] [26 <C:/Users/Michael/Documents/Visual Stud
io 11/Projects/CS380/Report/images/stv_spatial2_gallagher_entropysspi.pdf>]
[27 <C:/Users/Michael/Documents/Visual Studio 11/Projects/CS380/Report/images/s
tv_spatial2_loosemorehanby_enp.pdf>] [28 <C:/Users/Michael/Documents/Visual Stu
dio 11/Projects/CS380/Report/images/stv_urn_gallagher_enp.pdf>] [29 <C:/Users/M
ichael/Documents/Visual Studio 11/Projects/CS380/Report/images/nzprefswap_galla
gher_enp.pdf>]

LaTeX Warning: No positions in optional float specifier.
               Default added (so using `tbp') on input line 508.

<images/gallagher_enp_tradeoff_overall.pdf, id=614, 505.89pt x 505.89pt>
File: images/gallagher_enp_tradeoff_overall.pdf Graphic file (type pdf)

<use images/gallagher_enp_tradeoff_overall.pdf>
Package pdftex.def Info: images/gallagher_enp_tradeoff_overall.pdf used on inpu
t line 509.
(pdftex.def)             Requested size: 505.88875pt x 505.88875pt.

Overfull \hbox (75.88412pt too wide) in paragraph at lines 509--510
[][] 
 []


LaTeX Warning: No positions in optional float specifier.
               Default added (so using `tbp') on input line 515.


<images/gallagher_enp_tradeoff_overall_small.pdf, id=615, 505.89pt x 505.89pt>
File: images/gallagher_enp_tradeoff_overall_small.pdf Graphic file (type pdf)

<use images/gallagher_enp_tradeoff_overall_small.pdf>
Package pdftex.def Info: images/gallagher_enp_tradeoff_overall_small.pdf used o
n input line 516.
(pdftex.def)             Requested size: 505.88875pt x 505.88875pt.

Overfull \hbox (75.88412pt too wide) in paragraph at lines 516--517
[][] 
 []


LaTeX Warning: No positions in optional float specifier.
               Default added (so using `tbp') on input line 521.


<images/gallagher_enpsspi_tradeoff_overall_small.pdf, id=618, 505.89pt x 505.89
pt>
File: images/gallagher_enpsspi_tradeoff_overall_small.pdf Graphic file (type pd
f)
 <use images/gallagher_enpsspi_tradeoff_overall_small.pdf>
Package pdftex.def Info: images/gallagher_enpsspi_tradeoff_overall_small.pdf us
ed on input line 522.
(pdftex.def)             Requested size: 505.88875pt x 505.88875pt.

Overfull \hbox (75.88412pt too wide) in paragraph at lines 522--523
[][] 
 []


LaTeX Warning: No positions in optional float specifier.
               Default added (so using `tbp') on input line 527.


<images/loosemorehanby_enp_tradeoff_overall_small.pdf, id=619, 505.89pt x 505.8
9pt>
File: images/loosemorehanby_enp_tradeoff_overall_small.pdf Graphic file (type p
df)
 <use images/loosemorehanby_enp_tradeoff_overall_small.pdf>
Package pdftex.def Info: images/loosemorehanby_enp_tradeoff_overall_small.pdf u
sed on input line 528.
(pdftex.def)             Requested size: 505.88875pt x 505.88875pt.

Overfull \hbox (75.88412pt too wide) in paragraph at lines 528--529
[][] 
 []


LaTeX Warning: No positions in optional float specifier.
               Default added (so using `tbp') on input line 533.

<images/stv_spatial2_gallagher_enp_optimal.pdf, id=620, 505.89pt x 505.89pt>
File: images/stv_spatial2_gallagher_enp_optimal.pdf Graphic file (type pdf)

<use images/stv_spatial2_gallagher_enp_optimal.pdf>
Package pdftex.def Info: images/stv_spatial2_gallagher_enp_optimal.pdf used on 
input line 534.
(pdftex.def)             Requested size: 505.88875pt x 505.88875pt.

Overfull \hbox (75.88412pt too wide) in paragraph at lines 534--535
[][] 
 []

[30] [31 <C:/Users/Michael/Documents/Visual Studio 11/Projects/CS380/Report/ima
ges/gallagher_enp_tradeoff_overall.pdf>] [32 <C:/Users/Michael/Documents/Visual
 Studio 11/Projects/CS380/Report/images/gallagher_enp_tradeoff_overall_small.pd
f>] [33 <C:/Users/Michael/Documents/Visual Studio 11/Projects/CS380/Report/imag
es/gallagher_enpsspi_tradeoff_overall_small.pdf>] [34 <C:/Users/Michael/Documen
ts/Visual Studio 11/Projects/CS380/Report/images/loosemorehanby_enp_tradeoff_ov
erall_small.pdf>] [35 <C:/Users/Michael/Documents/Visual Studio 11/Projects/CS3
80/Report/images/stv_spatial2_gallagher_enp_optimal.pdf>] [36] [37] [38]
[39]
("C:\Users\Michael\Documents\Visual Studio 11\Projects\CS380\Report\CS380.bbl"
Underfull \hbox (badness 10000) in paragraph at lines 27--30
[]\OT1/cmr/m/n/10 Pritchard, D. G. and Wil-son, D. M. C. (2011).  2011 ref-er-e
n-dum sim-u-la-tor.
 []

) [40

]
Package hyperref Info: bookmark level for unknown lstlisting defaults to 0 on i
nput line 658.

("C:/Users/Michael/Documents/Visual Studio 11/Projects/CS380/HypothesisTesting/
Program2.fs"
Missing character: There is no Ô in font cmr10!
Missing character: There is no ª in font cmr10!
Missing character: There is no ø in font cmr10!
 [41] [42] [43] [44]) [45]
("C:\Program Files\MiKTeX 2.9\tex\latex\listings\lstlang1.sty"
File: lstlang1.sty 2004/09/05 1.3 listings language file
)
("C:\Program Files\MiKTeX 2.9\tex\latex\listings\lstlang2.sty"
File: lstlang2.sty 2004/09/05 1.3 listings language file
)
("C:\Program Files\MiKTeX 2.9\tex\latex\listings\lstlang3.sty"
File: lstlang3.sty 2004/09/05 1.3 listings language file
)
("C:/Users/Michael/Documents/Visual Studio 11/Projects/CS380/R/nzspatial.r"
Missing character: There is no Ô in font cmr10!
Missing character: There is no ª in font cmr10!
Missing character: There is no ø in font cmr10!
Missing character: There is no √ in font cmr10!
Missing character: There is no Ñ in font cmr10!
Missing character: There is no ¬ in font cmr10!
Missing character: There is no Å in font cmr10!
)
[46] ("C:/Users/Michael/Documents/Visual Studio 11/Projects/CS380/R/analysis.r"
[47]
LaTeX Font Info:    Font shape `OML/cmr/bx/n' in size <10> not available
(Font)              Font shape `OML/cmm/b/it' tried instead on input line 55.
 [48] [49] [50] [51]
LaTeX Font Info:    Font shape `OMS/cmr/bx/n' in size <10> not available
(Font)              Font shape `OMS/cmsy/b/n' tried instead on input line 188.
 [52] [53] [54])
("C:/Users/Michael/Documents/Visual Studio 11/Projects/CS380/HypothesisTesting/
bin/Debug/apportionment/analysis2.r" [55])
Package atveryend Info: Empty hook `BeforeClearDocument' on input line 668.
 [56]
Package atveryend Info: Empty hook `AfterLastShipout' on input line 668.

("C:\Users\Michael\Documents\Visual Studio 11\Projects\CS380\Report\CS380.aux")
Package atveryend Info: Executing hook `AtVeryEndDocument' on input line 668.
Package atveryend Info: Executing hook `AtEndAfterFileList' on input line 668.
Package rerunfilecheck Info: File `CS380.out' has not changed.
(rerunfilecheck)             Checksum: 955269CD07F137D7D5A0B8CF5E34EA50;3082.
Package atveryend Info: Empty hook `AtVeryVeryEnd' on input line 668.
 ) 
Here is how much of TeX's memory you used:
 10169 strings out of 494045
 146655 string characters out of 3148381
 539670 words of memory out of 3000000
 12589 multiletter control sequences out of 15000+200000
 13110 words of font info for 50 fonts, out of 3000000 for 9000
 715 hyphenation exceptions out of 8191
 33i,11n,60p,1649b,1733s stack positions out of 5000i,500n,10000p,200000b,50000s
<C:/Program Files/MiKTeX 2.9/fonts/type1/public/amsfonts/cm/cmbsy10.pfb><C:/P
rogram Files/MiKTeX 2.9/fonts/type1/public/amsfonts/cm/cmbx10.pfb><C:/Program F
iles/MiKTeX 2.9/fonts/type1/public/amsfonts/cm/cmbx12.pfb><C:/Program Files/MiK
TeX 2.9/fonts/type1/public/amsfonts/cm/cmcsc10.pfb><C:/Program Files/MiKTeX 2.9
/fonts/type1/public/amsfonts/cm/cmex10.pfb><C:/Program Files/MiKTeX 2.9/fonts/t
ype1/public/amsfonts/cmextra/cmex7.pfb><C:/Program Files/MiKTeX 2.9/fonts/type1
/public/amsfonts/cm/cmmi10.pfb><C:/Program Files/MiKTeX 2.9/fonts/type1/public/
amsfonts/cm/cmmi5.pfb><C:/Program Files/MiKTeX 2.9/fonts/type1/public/amsfonts/
cm/cmmi6.pfb><C:/Program Files/MiKTeX 2.9/fonts/type1/public/amsfonts/cm/cmmi7.
pfb><C:/Program Files/MiKTeX 2.9/fonts/type1/public/amsfonts/cm/cmmi8.pfb><C:/P
rogram Files/MiKTeX 2.9/fonts/type1/public/amsfonts/cm/cmmib10.pfb><C:/Program 
Files/MiKTeX 2.9/fonts/type1/public/amsfonts/cm/cmr10.pfb><C:/Program Files/MiK
TeX 2.9/fonts/type1/public/amsfonts/cm/cmr12.pfb><C:/Program Files/MiKTeX 2.9/f
onts/type1/public/amsfonts/cm/cmr17.pfb><C:/Program Files/MiKTeX 2.9/fonts/type
1/public/amsfonts/cm/cmr5.pfb><C:/Program Files/MiKTeX 2.9/fonts/type1/public/a
msfonts/cm/cmr6.pfb><C:/Program Files/MiKTeX 2.9/fonts/type1/public/amsfonts/cm
/cmr7.pfb><C:/Program Files/MiKTeX 2.9/fonts/type1/public/amsfonts/cm/cmr8.pfb>
<C:/Program Files/MiKTeX 2.9/fonts/type1/public/amsfonts/cm/cmsy10.pfb><C:/Prog
ram Files/MiKTeX 2.9/fonts/type1/public/amsfonts/cm/cmsy7.pfb><C:/Program Files
/MiKTeX 2.9/fonts/type1/public/amsfonts/cm/cmsy8.pfb><C:/Program Files/MiKTeX 2
.9/fonts/type1/public/amsfonts/cm/cmti10.pfb><C:/Program Files/MiKTeX 2.9/fonts
/type1/public/amsfonts/cm/cmti12.pfb>
Output written on CS380.pdf (56 pages, 1400361 bytes).
PDF statistics:
 1550 PDF objects out of 1728 (max. 8388607)
 718 named destinations out of 1000 (max. 500000)
 459 words of extra memory for PDF output out of 10000 (max. 10000000)

