C:\USERS\MICHAEL\DOCUMENTS\VISUAL STUDIO 2010\PROJECTS\VOTINGSIMULATOR\RELEASE\VOTINGSIMULATOR.EXE
C:\USERS\MICHAEL\DOCUMENTS\VISUAL STUDIO 2010\PROJECTS\VOTINGSIMULATOR\RELEASE\VOTINGSIMULATOR.PDB
C:\USERS\MICHAEL\DOCUMENTS\VISUAL STUDIO 2010\PROJECTS\VOTINGSIMULATOR\VOTINGSIMULATOR\RELEASE\APPROVALVOTINGSYSTEM.OBJ
C:\Users\Michael\Documents\Visual Studio 2010\Projects\VotingSimulator\VotingSimulator\Release\cl.command.1.tlog
C:\Users\Michael\Documents\Visual Studio 2010\Projects\VotingSimulator\VotingSimulator\Release\CL.read.1.tlog
C:\Users\Michael\Documents\Visual Studio 2010\Projects\VotingSimulator\VotingSimulator\Release\CL.write.1.tlog
C:\USERS\MICHAEL\DOCUMENTS\VISUAL STUDIO 2010\PROJECTS\VOTINGSIMULATOR\VOTINGSIMULATOR\RELEASE\CONDORCETVOTINGSYSTEM.OBJ
C:\USERS\MICHAEL\DOCUMENTS\VISUAL STUDIO 2010\PROJECTS\VOTINGSIMULATOR\VOTINGSIMULATOR\RELEASE\CSVREADER.OBJ
C:\USERS\MICHAEL\DOCUMENTS\VISUAL STUDIO 2010\PROJECTS\VOTINGSIMULATOR\VOTINGSIMULATOR\RELEASE\FPPVOTINGSYSTEM.OBJ
C:\Users\Michael\Documents\Visual Studio 2010\Projects\VotingSimulator\VotingSimulator\Release\link.command.1.tlog
C:\Users\Michael\Documents\Visual Studio 2010\Projects\VotingSimulator\VotingSimulator\Release\link.read.1.tlog
C:\Users\Michael\Documents\Visual Studio 2010\Projects\VotingSimulator\VotingSimulator\Release\link.write.1.tlog
C:\USERS\MICHAEL\DOCUMENTS\VISUAL STUDIO 2010\PROJECTS\VOTINGSIMULATOR\VOTINGSIMULATOR\RELEASE\MMPVOTINGSYSTEM.OBJ
C:\Users\Michael\Documents\Visual Studio 2010\Projects\VotingSimulator\VotingSimulator\Release\mt.command.1.tlog
C:\Users\Michael\Documents\Visual Studio 2010\Projects\VotingSimulator\VotingSimulator\Release\mt.read.1.tlog
C:\Users\Michael\Documents\Visual Studio 2010\Projects\VotingSimulator\VotingSimulator\Release\mt.write.1.tlog
C:\USERS\MICHAEL\DOCUMENTS\VISUAL STUDIO 2010\PROJECTS\VOTINGSIMULATOR\VOTINGSIMULATOR\RELEASE\PARTY.OBJ
C:\USERS\MICHAEL\DOCUMENTS\VISUAL STUDIO 2010\PROJECTS\VOTINGSIMULATOR\VOTINGSIMULATOR\RELEASE\PVVOTINGSYSTEM.OBJ
C:\USERS\MICHAEL\DOCUMENTS\VISUAL STUDIO 2010\PROJECTS\VOTINGSIMULATOR\VOTINGSIMULATOR\RELEASE\STDAFX.OBJ
C:\USERS\MICHAEL\DOCUMENTS\VISUAL STUDIO 2010\PROJECTS\VOTINGSIMULATOR\VOTINGSIMULATOR\RELEASE\STVVOTINGSYSTEM.OBJ
C:\USERS\MICHAEL\DOCUMENTS\VISUAL STUDIO 2010\PROJECTS\VOTINGSIMULATOR\VOTINGSIMULATOR\RELEASE\VC100.PDB
C:\USERS\MICHAEL\DOCUMENTS\VISUAL STUDIO 2010\PROJECTS\VOTINGSIMULATOR\VOTINGSIMULATOR\RELEASE\VOTINGSIMULATOR.EXE.INTERMEDIATE.MANIFEST
C:\USERS\MICHAEL\DOCUMENTS\VISUAL STUDIO 2010\PROJECTS\VOTINGSIMULATOR\VOTINGSIMULATOR\RELEASE\VOTINGSIMULATOR.OBJ
C:\USERS\MICHAEL\DOCUMENTS\VISUAL STUDIO 2010\PROJECTS\VOTINGSIMULATOR\VOTINGSIMULATOR\RELEASE\VOTINGSIMULATOR.PCH
C:\USERS\MICHAEL\DOCUMENTS\VISUAL STUDIO 2010\PROJECTS\VOTINGSIMULATOR\VOTINGSIMULATOR\RELEASE\VOTINGSYSTEM.OBJ
